<?xml version="1.0" encoding="UTF-8"?>
<testng-results skipped="0" failed="0" ignored="0" total="2" passed="2">
  <reporter-output>
  </reporter-output>
  <suite name="Default suite" duration-ms="111" started-at="2020-08-11T17:21:40 IST" finished-at="2020-08-11T17:21:40 IST">
    <groups>
    </groups>
    <test name="Default test" duration-ms="111" started-at="2020-08-11T17:21:40 IST" finished-at="2020-08-11T17:21:40 IST">
      <class name="com.generic.TestClass1">
        <test-method status="PASS" signature="doBeforeSuite()[pri:0, instance:com.generic.TestClass1@7494e528]" name="doBeforeSuite" is-config="true" duration-ms="23" started-at="2020-08-11T17:21:40 IST" finished-at="2020-08-11T17:21:40 IST">
          <reporter-output>
          </reporter-output>
        </test-method> <!-- doBeforeSuite -->
        <test-method status="PASS" signature="doBeforeTest()[pri:0, instance:com.generic.TestClass1@7494e528]" name="doBeforeTest" is-config="true" duration-ms="0" started-at="2020-08-11T17:21:40 IST" finished-at="2020-08-11T17:21:40 IST">
          <reporter-output>
          </reporter-output>
        </test-method> <!-- doBeforeTest -->
        <test-method status="PASS" signature="doBeforeClass()[pri:0, instance:com.generic.TestClass1@7494e528]" name="doBeforeClass" is-config="true" duration-ms="0" started-at="2020-08-11T17:21:40 IST" finished-at="2020-08-11T17:21:40 IST">
          <reporter-output>
          </reporter-output>
        </test-method> <!-- doBeforeClass -->
        <test-method status="PASS" signature="doBeforeMethod()[pri:0, instance:com.generic.TestClass1@7494e528]" name="doBeforeMethod" is-config="true" duration-ms="0" started-at="2020-08-11T17:21:40 IST" finished-at="2020-08-11T17:21:40 IST">
          <reporter-output>
          </reporter-output>
        </test-method> <!-- doBeforeMethod -->
        <test-method status="PASS" signature="unitLevel1()[pri:0, instance:com.generic.TestClass1@7494e528]" name="unitLevel1" duration-ms="13" started-at="2020-08-11T17:21:40 IST" finished-at="2020-08-11T17:21:40 IST">
          <reporter-output>
          </reporter-output>
        </test-method> <!-- unitLevel1 -->
        <test-method status="PASS" signature="doAfterMethod()[pri:0, instance:com.generic.TestClass1@7494e528]" name="doAfterMethod" is-config="true" duration-ms="0" started-at="2020-08-11T17:21:40 IST" finished-at="2020-08-11T17:21:40 IST">
          <reporter-output>
          </reporter-output>
        </test-method> <!-- doAfterMethod -->
        <test-method status="PASS" signature="doBeforeMethod()[pri:0, instance:com.generic.TestClass1@7494e528]" name="doBeforeMethod" is-config="true" duration-ms="5" started-at="2020-08-11T17:21:40 IST" finished-at="2020-08-11T17:21:40 IST">
          <reporter-output>
          </reporter-output>
        </test-method> <!-- doBeforeMethod -->
        <test-method status="PASS" signature="unitLevel2()[pri:0, instance:com.generic.TestClass1@7494e528]" name="unitLevel2" duration-ms="4" started-at="2020-08-11T17:21:40 IST" finished-at="2020-08-11T17:21:40 IST">
          <reporter-output>
          </reporter-output>
        </test-method> <!-- unitLevel2 -->
        <test-method status="PASS" signature="doAfterMethod()[pri:0, instance:com.generic.TestClass1@7494e528]" name="doAfterMethod" is-config="true" duration-ms="0" started-at="2020-08-11T17:21:40 IST" finished-at="2020-08-11T17:21:40 IST">
          <reporter-output>
          </reporter-output>
        </test-method> <!-- doAfterMethod -->
        <test-method status="PASS" signature="doAfterClass()[pri:0, instance:com.generic.TestClass1@7494e528]" name="doAfterClass" is-config="true" duration-ms="1" started-at="2020-08-11T17:21:40 IST" finished-at="2020-08-11T17:21:40 IST">
          <reporter-output>
          </reporter-output>
        </test-method> <!-- doAfterClass -->
        <test-method status="PASS" signature="doAftereTest()[pri:0, instance:com.generic.TestClass1@7494e528]" name="doAftereTest" is-config="true" duration-ms="1" started-at="2020-08-11T17:21:40 IST" finished-at="2020-08-11T17:21:40 IST">
          <reporter-output>
          </reporter-output>
        </test-method> <!-- doAftereTest -->
      </class> <!-- com.generic.TestClass1 -->
    </test> <!-- Default test -->
  </suite> <!-- Default suite -->
</testng-results>
